2026-02-24T09:55:17.780+05:30  INFO 19232 --- [RevPlay] [main] c.revature.RevPlay.RevPlayApplication    : Starting RevPlayApplication using Java 21.0.6 with PID 19232 (C:\Users\dhram\Downloads\RevPlay\target\classes started by dhram in C:\Users\dhram\Downloads\RevPlay)
2026-02-24T09:55:17.783+05:30 DEBUG 19232 --- [RevPlay] [main] c.revature.RevPlay.RevPlayApplication    : Running with Spring Boot v4.0.2, Spring v7.0.3
2026-02-24T09:55:17.785+05:30  INFO 19232 --- [RevPlay] [main] c.revature.RevPlay.RevPlayApplication    : No active profile set, falling back to 1 default profile: "default"
2026-02-24T09:55:19.300+05:30  INFO 19232 --- [RevPlay] [main] .s.d.r.c.RepositoryConfigurationDelegate : Bootstrapping Spring Data JPA repositories in DEFAULT mode.
2026-02-24T09:55:19.420+05:30  INFO 19232 --- [RevPlay] [main] .s.d.r.c.RepositoryConfigurationDelegate : Finished Spring Data repository scanning in 108 ms. Found 9 JPA repository interfaces.
2026-02-24T09:55:20.378+05:30  INFO 19232 --- [RevPlay] [main] o.s.boot.tomcat.TomcatWebServer          : Tomcat initialized with port 8080 (http)
2026-02-24T09:55:20.405+05:30  INFO 19232 --- [RevPlay] [main] o.apache.catalina.core.StandardService   : Starting service [Tomcat]
2026-02-24T09:55:20.410+05:30  INFO 19232 --- [RevPlay] [main] o.apache.catalina.core.StandardEngine    : Starting Servlet engine: [Apache Tomcat/11.0.15]
2026-02-24T09:55:20.480+05:30  INFO 19232 --- [RevPlay] [main] b.w.c.s.WebApplicationContextInitializer : Root WebApplicationContext: initialization completed in 2598 ms
2026-02-24T09:55:20.731+05:30  INFO 19232 --- [RevPlay] [main] org.hibernate.orm.jpa                    : HHH008540: Processing PersistenceUnitInfo [name: default]
2026-02-24T09:55:20.835+05:30  INFO 19232 --- [RevPlay] [main] org.hibernate.orm.core                   : HHH000001: Hibernate ORM core version 7.2.1.Final
2026-02-24T09:55:21.448+05:30  INFO 19232 --- [RevPlay] [main] o.s.o.j.p.SpringPersistenceUnitInfo      : No LoadTimeWeaver setup: ignoring JPA class transformer
2026-02-24T09:55:21.496+05:30  INFO 19232 --- [RevPlay] [main] com.zaxxer.hikari.HikariDataSource       : HikariPool-1 - Starting...
2026-02-24T09:55:21.708+05:30  INFO 19232 --- [RevPlay] [main] com.zaxxer.hikari.pool.HikariPool        : HikariPool-1 - Added connection com.mysql.cj.jdbc.ConnectionImpl@77a4bac
2026-02-24T09:55:21.710+05:30  INFO 19232 --- [RevPlay] [main] com.zaxxer.hikari.HikariDataSource       : HikariPool-1 - Start completed.
2026-02-24T09:55:21.785+05:30  WARN 19232 --- [RevPlay] [main] org.hibernate.orm.deprecation            : HHH90000025: MySQLDialect does not need to be specified explicitly using 'hibernate.dialect' (remove the property setting and it will be selected by default)
2026-02-24T09:55:21.810+05:30  INFO 19232 --- [RevPlay] [main] org.hibernate.orm.connections.pooling    : HHH10001005: Database info:
	Database JDBC URL [jdbc:mysql://localhost:3306/revplayfullstack?useSSL=false&allowPublicKeyRetrieval=true&serverTimezone=UTC]
	Database driver: MySQL Connector/J
	Database dialect: MySQLDialect
	Database version: 9.1
	Default catalog/schema: revplayfullstack/undefined
	Autocommit mode: undefined/unknown
	Isolation level: REPEATABLE_READ [default REPEATABLE_READ]
	JDBC fetch size: none
	Pool: DataSourceConnectionProvider
	Minimum pool size: undefined/unknown
	Maximum pool size: undefined/unknown
2026-02-24T09:55:23.124+05:30  INFO 19232 --- [RevPlay] [main] org.hibernate.orm.core                   : HHH000489: No JTA platform available (set 'hibernate.transaction.jta.platform' to enable JTA platform integration)
2026-02-24T09:55:23.236+05:30  INFO 19232 --- [RevPlay] [main] j.LocalContainerEntityManagerFactoryBean : Initialized JPA EntityManagerFactory for persistence unit 'default'
2026-02-24T09:55:23.321+05:30  INFO 19232 --- [RevPlay] [main] o.s.d.j.r.query.QueryEnhancerFactories   : Hibernate is in classpath; If applicable, HQL parser will be used.
2026-02-24T09:55:24.350+05:30 DEBUG 19232 --- [RevPlay] [main] c.r.R.security.JwtAuthenticationFilter   : Filter 'jwtAuthenticationFilter' configured for use
2026-02-24T09:55:25.768+05:30  INFO 19232 --- [RevPlay] [main] eAuthenticationProviderManagerConfigurer : Global AuthenticationManager configured with AuthenticationProvider bean with name authenticationProvider
2026-02-24T09:55:25.769+05:30  WARN 19232 --- [RevPlay] [main] r$InitializeUserDetailsManagerConfigurer : Global AuthenticationManager configured with an AuthenticationProvider bean. UserDetailsService beans will not be used by Spring Security for automatically configuring username/password login. Consider removing the AuthenticationProvider bean. Alternatively, consider using the UserDetailsService in a manually instantiated DaoAuthenticationProvider. If the current configuration is intentional, to turn off this warning, increase the logging level of 'org.springframework.security.config.annotation.authentication.configuration.InitializeUserDetailsBeanManagerConfigurer' to ERROR
2026-02-24T09:55:26.026+05:30  WARN 19232 --- [RevPlay] [main] JpaBaseConfiguration$JpaWebConfiguration : spring.jpa.open-in-view is enabled by default. Therefore, database queries may be performed during view rendering. Explicitly configure spring.jpa.open-in-view to disable this warning
2026-02-24T09:55:26.454+05:30  INFO 19232 --- [RevPlay] [main] o.s.v.b.OptionalValidatorFactoryBean     : Failed to set up a Bean Validation provider: jakarta.validation.NoProviderFoundException: Unable to create a Configuration, because no Jakarta Validation provider could be found. Add a provider like Hibernate Validator (RI) to your classpath.
2026-02-24T09:55:26.966+05:30  INFO 19232 --- [RevPlay] [main] o.s.boot.tomcat.TomcatWebServer          : Tomcat started on port 8080 (http) with context path '/'
2026-02-24T09:55:26.975+05:30  INFO 19232 --- [RevPlay] [main] c.revature.RevPlay.RevPlayApplication    : Started RevPlayApplication in 9.903 seconds (process running for 10.699)
2026-02-24T09:56:33.329+05:30  INFO 19232 --- [RevPlay] [http-nio-8080-exec-1] o.a.c.c.C.[Tomcat].[localhost].[/]       : Initializing Spring DispatcherServlet 'dispatcherServlet'
2026-02-24T09:56:33.330+05:30  INFO 19232 --- [RevPlay] [http-nio-8080-exec-1] o.s.web.servlet.DispatcherServlet        : Initializing Servlet 'dispatcherServlet'
2026-02-24T09:56:33.334+05:30  INFO 19232 --- [RevPlay] [http-nio-8080-exec-1] o.s.web.servlet.DispatcherServlet        : Completed initialization in 4 ms
2026-02-24T09:56:33.558+05:30  INFO 19232 --- [RevPlay] [http-nio-8080-exec-1] c.r.RevPlay.controller.UserController    : registering user
2026-02-24T09:56:55.005+05:30  INFO 19232 --- [RevPlay] [SpringApplicationShutdownHook] o.s.boot.tomcat.GracefulShutdown         : Commencing graceful shutdown. Waiting for active requests to complete
2026-02-24T09:56:55.013+05:30  INFO 19232 --- [RevPlay] [tomcat-shutdown] o.s.boot.tomcat.GracefulShutdown         : Graceful shutdown complete
2026-02-24T09:56:55.021+05:30  INFO 19232 --- [RevPlay] [SpringApplicationShutdownHook] j.LocalContainerEntityManagerFactoryBean : Closing JPA EntityManagerFactory for persistence unit 'default'
2026-02-24T09:56:55.025+05:30  INFO 19232 --- [RevPlay] [SpringApplicationShutdownHook] com.zaxxer.hikari.HikariDataSource       : HikariPool-1 - Shutdown initiated...
2026-02-24T09:56:55.039+05:30  INFO 19232 --- [RevPlay] [SpringApplicationShutdownHook] com.zaxxer.hikari.HikariDataSource       : HikariPool-1 - Shutdown completed.
